2021-02-14 23:16:21 INFO  Main:38 - saved data reading
2021-02-14 23:16:21 INFO  Main:43 - application start
2021-02-14 23:16:22 INFO  Controller:75 - Main controller initializing
2021-02-14 23:16:55 INFO  Main:38 - saved data reading
2021-02-14 23:16:55 INFO  Main:43 - application start
2021-02-14 23:16:55 INFO  Controller:75 - Main controller initializing
2021-02-14 23:16:59 INFO  NewEditController:91 - new/edit window initializing
2021-02-17 09:36:41 INFO  Main:38 - saved data reading
2021-02-17 09:36:41 INFO  Main:43 - application start
2021-02-17 09:36:42 INFO  Controller:75 - Main controller initializing
2021-02-17 09:36:50 INFO  NewEditController:91 - new/edit window initializing
2021-03-03 15:25:55 INFO  Main:38 - saved data reading
2021-03-03 15:25:55 INFO  Main:43 - application start
2021-03-03 15:25:56 INFO  Controller:75 - Main controller initializing
2021-03-03 15:26:08 INFO  NewEditController:91 - new/edit window initializing
2021-03-03 15:27:39 INFO  NewEditController:91 - new/edit window initializing
2021-03-03 15:27:43 INFO  NewEditController:91 - new/edit window initializing
2021-03-03 15:28:01 INFO  TaskInfoController:26 - task info window initializing
2021-03-03 15:28:01 ERROR Controller:128 - error loading task-info.fxml
2021-03-03 15:28:06 INFO  NewEditController:91 - new/edit window initializing
2021-03-03 15:28:16 INFO  NewEditController:91 - new/edit window initializing
2021-03-03 15:28:28 INFO  NewEditController:91 - new/edit window initializing
2021-03-03 15:30:06 INFO  NewEditController:91 - new/edit window initializing
2021-03-03 15:30:26 INFO  NewEditController:91 - new/edit window initializing
2021-03-03 15:31:29 INFO  NewEditController:91 - new/edit window initializing
2021-03-03 15:36:01 INFO  TaskInfoController:26 - task info window initializing
2021-03-03 15:36:31 INFO  NewEditController:91 - new/edit window initializing
2021-03-03 15:38:24 INFO  Main:38 - saved data reading
2021-03-03 15:38:24 INFO  Main:43 - application start
2021-03-03 15:38:25 INFO  Controller:75 - Main controller initializing
2021-03-03 15:40:59 INFO  Main:38 - saved data reading
2021-03-03 15:40:59 INFO  Main:43 - application start
2021-03-03 15:41:00 INFO  Controller:75 - Main controller initializing
2021-03-03 15:41:16 INFO  Main:38 - saved data reading
2021-03-03 15:41:16 INFO  Main:43 - application start
2021-03-03 15:41:16 INFO  Controller:75 - Main controller initializing
2021-03-03 15:41:34 INFO  Main:38 - saved data reading
2021-03-03 15:41:34 ERROR TaskIO:93 - IO exception reading or writing file
2021-03-03 15:41:34 INFO  Main:43 - application start
2021-03-03 15:41:34 INFO  Controller:75 - Main controller initializing
2021-03-03 15:41:38 INFO  NewEditController:91 - new/edit window initializing
2021-03-03 15:44:13 INFO  Main:38 - saved data reading
2021-03-03 15:44:13 INFO  Main:43 - application start
2021-03-03 15:44:14 INFO  Controller:75 - Main controller initializing
2021-03-03 15:44:18 INFO  NewEditController:91 - new/edit window initializing
2021-03-03 15:44:56 INFO  Main:38 - saved data reading
2021-03-03 15:44:56 INFO  Main:43 - application start
2021-03-03 15:44:57 INFO  Controller:75 - Main controller initializing
2021-03-03 15:49:20 INFO  Main:38 - saved data reading
2021-03-03 15:49:20 INFO  Main:43 - application start
2021-03-03 15:49:21 INFO  Controller:75 - Main controller initializing
2021-03-03 15:49:25 INFO  NewEditController:91 - new/edit window initializing
2021-03-03 15:49:46 INFO  Main:38 - saved data reading
2021-03-03 15:50:17 INFO  Main:38 - saved data reading
2021-03-03 15:50:17 INFO  Main:43 - application start
2021-03-03 15:50:17 INFO  Controller:75 - Main controller initializing
2021-03-03 15:55:07 INFO  NewEditController:91 - new/edit window initializing
2021-03-03 15:55:31 INFO  NewEditController:91 - new/edit window initializing
2021-03-03 15:56:40 INFO  NewEditController:91 - new/edit window initializing
2021-03-03 15:56:47 INFO  NewEditController:91 - new/edit window initializing
2021-03-03 15:57:01 INFO  NewEditController:91 - new/edit window initializing
2021-03-03 15:57:18 INFO  TaskInfoController:26 - task info window initializing
2021-03-03 15:57:22 INFO  NewEditController:91 - new/edit window initializing
2021-03-03 15:57:32 INFO  NewEditController:91 - new/edit window initializing
2021-03-03 15:57:54 INFO  NewEditController:91 - new/edit window initializing
2021-03-03 15:58:02 INFO  NewEditController:91 - new/edit window initializing
2021-03-03 15:58:12 INFO  NewEditController:91 - new/edit window initializing
2021-03-03 15:58:33 INFO  NewEditController:91 - new/edit window initializing
2021-03-03 15:58:47 INFO  NewEditController:91 - new/edit window initializing
2021-03-03 15:58:56 INFO  NewEditController:91 - new/edit window initializing
2021-03-03 15:59:14 INFO  NewEditController:91 - new/edit window initializing
2021-03-03 15:59:20 INFO  NewEditController:91 - new/edit window initializing
2021-03-03 15:59:32 INFO  NewEditController:91 - new/edit window initializing
2021-03-03 15:59:51 INFO  NewEditController:91 - new/edit window initializing
2021-03-03 16:00:08 INFO  NewEditController:91 - new/edit window initializing
2021-03-03 16:00:16 INFO  NewEditController:91 - new/edit window initializing
2021-03-03 16:00:44 INFO  NewEditController:91 - new/edit window initializing
2021-03-03 16:00:53 INFO  NewEditController:91 - new/edit window initializing
2021-03-03 16:01:00 INFO  NewEditController:91 - new/edit window initializing
2021-03-03 16:01:07 INFO  NewEditController:91 - new/edit window initializing
2021-03-03 16:01:12 INFO  NewEditController:91 - new/edit window initializing
2021-03-03 16:01:22 INFO  NewEditController:91 - new/edit window initializing
2021-03-03 16:01:29 INFO  NewEditController:91 - new/edit window initializing
2021-03-03 16:01:51 INFO  NewEditController:91 - new/edit window initializing
2021-03-03 16:27:35 INFO  TaskInfoController:26 - task info window initializing
2021-03-03 16:27:41 INFO  TaskInfoController:26 - task info window initializing
2021-03-03 16:27:41 ERROR Controller:128 - error loading task-info.fxml
2021-03-03 16:27:41 INFO  TaskInfoController:26 - task info window initializing
2021-03-03 16:27:41 ERROR Controller:128 - error loading task-info.fxml
2021-03-03 16:27:42 INFO  TaskInfoController:26 - task info window initializing
2021-03-03 16:27:42 ERROR Controller:128 - error loading task-info.fxml
2021-03-03 16:27:42 INFO  TaskInfoController:26 - task info window initializing
2021-03-03 16:27:42 ERROR Controller:128 - error loading task-info.fxml
2021-03-03 16:27:42 INFO  TaskInfoController:26 - task info window initializing
2021-03-03 16:27:42 ERROR Controller:128 - error loading task-info.fxml
2021-03-03 16:27:51 INFO  TaskInfoController:26 - task info window initializing
2021-03-03 16:27:51 ERROR Controller:128 - error loading task-info.fxml
2021-03-03 16:27:51 INFO  TaskInfoController:26 - task info window initializing
2021-03-03 16:27:51 ERROR Controller:128 - error loading task-info.fxml
2021-03-03 16:28:32 INFO  NewEditController:91 - new/edit window initializing
2021-03-03 16:28:42 INFO  NewEditController:91 - new/edit window initializing
2021-03-03 16:30:35 INFO  TaskInfoController:26 - task info window initializing
2021-03-03 16:30:35 ERROR Controller:128 - error loading task-info.fxml
2021-03-03 16:30:49 INFO  TaskInfoController:26 - task info window initializing
2021-03-03 16:34:49 INFO  TaskInfoController:26 - task info window initializing
2021-03-03 16:35:37 INFO  TaskInfoController:26 - task info window initializing
2021-03-03 16:37:51 INFO  TaskInfoController:26 - task info window initializing
2021-03-03 16:38:28 INFO  Main:38 - saved data reading
2021-03-03 16:38:28 INFO  Main:43 - application start
2021-03-03 16:38:29 INFO  Controller:75 - Main controller initializing
2021-03-03 16:38:45 INFO  NewEditController:91 - new/edit window initializing
2021-03-04 14:51:40 INFO  Main:38 - saved data reading
2021-03-04 14:51:40 INFO  Main:43 - application start
2021-03-04 14:51:41 INFO  Controller:75 - Main controller initializing
2021-03-04 14:51:44 INFO  NewEditController:91 - new/edit window initializing
2021-03-04 14:53:05 INFO  NewEditController:91 - new/edit window initializing
2021-03-04 14:53:17 INFO  Main:38 - saved data reading
2021-03-04 14:53:17 INFO  Main:43 - application start
2021-03-04 14:53:17 INFO  Controller:75 - Main controller initializing
2021-03-04 14:54:19 INFO  Notificator:61 - push notification showing
2021-03-04 15:11:50 INFO  Main:38 - saved data reading
2021-03-04 15:11:50 INFO  Main:43 - application start
2021-03-04 15:11:50 INFO  Controller:75 - Main controller initializing
2021-03-04 15:12:55 INFO  NewEditController:91 - new/edit window initializing
2021-03-04 15:13:11 INFO  NewEditController:91 - new/edit window initializing
2021-03-04 15:13:48 INFO  TaskInfoController:26 - task info window initializing
2021-03-04 15:13:54 INFO  TaskInfoController:26 - task info window initializing
2021-03-04 15:23:03 INFO  Main:38 - saved data reading
2021-03-04 15:23:03 INFO  Main:43 - application start
2021-03-04 15:23:04 INFO  Controller:75 - Main controller initializing
2021-03-04 15:24:08 INFO  TaskInfoController:26 - task info window initializing
2021-03-04 15:24:12 INFO  TaskInfoController:26 - task info window initializing
2021-03-04 15:24:17 INFO  TaskInfoController:26 - task info window initializing
2021-03-04 15:24:20 INFO  NewEditController:91 - new/edit window initializing
2021-03-04 15:24:57 INFO  TaskInfoController:26 - task info window initializing
2021-03-04 15:25:10 INFO  TaskInfoController:26 - task info window initializing
2021-03-04 15:25:17 INFO  NewEditController:91 - new/edit window initializing
2021-03-04 15:25:55 INFO  TaskInfoController:26 - task info window initializing
2021-03-04 15:26:05 INFO  Main:38 - saved data reading
2021-03-04 15:26:05 INFO  Main:43 - application start
2021-03-04 15:26:06 INFO  Controller:75 - Main controller initializing
2021-03-04 15:26:35 INFO  TaskInfoController:26 - task info window initializing
2021-03-04 15:26:40 INFO  TaskInfoController:26 - task info window initializing
2021-03-04 15:26:45 INFO  TaskInfoController:26 - task info window initializing
2021-03-04 15:26:50 INFO  TaskInfoController:26 - task info window initializing
2021-03-04 15:26:59 INFO  NewEditController:91 - new/edit window initializing
2021-03-04 15:27:16 INFO  NewEditController:91 - new/edit window initializing
2021-03-04 15:27:55 INFO  NewEditController:91 - new/edit window initializing
2021-03-04 15:28:06 INFO  TaskInfoController:26 - task info window initializing
2021-03-04 15:28:14 INFO  Main:38 - saved data reading
2021-03-04 15:28:14 INFO  Main:43 - application start
2021-03-04 15:28:15 INFO  Controller:75 - Main controller initializing
2021-03-04 15:30:32 INFO  NewEditController:91 - new/edit window initializing
2021-03-04 15:30:44 INFO  NewEditController:91 - new/edit window initializing
2021-03-04 15:31:11 INFO  NewEditController:91 - new/edit window initializing
2021-03-04 15:33:19 INFO  TaskInfoController:26 - task info window initializing
2021-03-04 15:33:19 ERROR Controller:128 - error loading task-info.fxml
2021-03-04 15:33:29 INFO  TaskInfoController:26 - task info window initializing
2021-03-04 15:33:29 ERROR Controller:128 - error loading task-info.fxml
2021-03-04 15:38:24 INFO  NewEditController:91 - new/edit window initializing
2021-03-04 15:39:44 INFO  TaskInfoController:26 - task info window initializing
2021-03-04 16:00:16 INFO  Notificator:61 - push notification showing
2021-03-10 16:37:19 INFO  Main:38 - saved data reading
2021-03-10 16:37:19 INFO  Main:43 - application start
2021-03-10 16:37:20 INFO  Controller:75 - Main controller initializing
2021-03-10 16:37:23 INFO  NewEditController:91 - new/edit window initializing
2021-03-10 16:37:27 INFO  NewEditController:91 - new/edit window initializing
2021-03-10 16:37:27 ERROR Controller:105 - Error loading new-edit-task.fxml
2021-03-10 16:37:30 INFO  NewEditController:91 - new/edit window initializing
2021-03-10 16:37:30 ERROR Controller:105 - Error loading new-edit-task.fxml
2021-03-10 16:38:05 INFO  Main:38 - saved data reading
2021-03-10 16:38:05 INFO  Main:43 - application start
2021-03-10 16:38:06 INFO  Controller:75 - Main controller initializing
2021-03-10 16:38:08 INFO  NewEditController:91 - new/edit window initializing
2021-03-10 16:38:23 INFO  Main:38 - saved data reading
2021-03-10 16:38:23 INFO  Main:43 - application start
2021-03-10 16:38:23 INFO  Controller:75 - Main controller initializing
2021-03-10 16:38:28 INFO  NewEditController:91 - new/edit window initializing
2021-03-10 16:38:28 ERROR Controller:105 - Error loading new-edit-task.fxml
2021-03-10 16:38:39 INFO  NewEditController:91 - new/edit window initializing
2021-03-10 16:38:39 ERROR Controller:105 - Error loading new-edit-task.fxml
2021-03-10 16:38:42 INFO  NewEditController:91 - new/edit window initializing
2021-03-10 16:38:42 ERROR Controller:105 - Error loading new-edit-task.fxml
2021-03-10 16:38:46 INFO  NewEditController:91 - new/edit window initializing
2021-03-10 16:38:46 ERROR Controller:105 - Error loading new-edit-task.fxml
2021-03-10 16:38:49 INFO  NewEditController:91 - new/edit window initializing
2021-03-10 16:38:53 INFO  NewEditController:91 - new/edit window initializing
2021-03-10 16:38:53 ERROR Controller:105 - Error loading new-edit-task.fxml
2021-03-10 16:38:57 INFO  NewEditController:91 - new/edit window initializing
2021-03-10 16:38:57 ERROR Controller:105 - Error loading new-edit-task.fxml
2021-03-10 16:38:59 INFO  TaskInfoController:26 - task info window initializing
2021-03-10 16:39:24 INFO  NewEditController:91 - new/edit window initializing
2021-03-10 16:39:24 ERROR Controller:105 - Error loading new-edit-task.fxml
2021-03-10 16:39:29 INFO  TaskInfoController:26 - task info window initializing
2021-03-10 16:39:29 ERROR Controller:128 - error loading task-info.fxml
2021-03-10 16:39:30 INFO  TaskInfoController:26 - task info window initializing
2021-03-10 16:39:30 ERROR Controller:128 - error loading task-info.fxml
2021-03-10 16:39:37 INFO  NewEditController:91 - new/edit window initializing
2021-03-10 16:39:37 ERROR Controller:105 - Error loading new-edit-task.fxml
2021-03-10 16:39:41 INFO  NewEditController:91 - new/edit window initializing
2021-03-10 16:39:41 ERROR Controller:105 - Error loading new-edit-task.fxml
2021-03-10 16:40:24 INFO  Main:38 - saved data reading
2021-03-10 16:40:24 INFO  Main:43 - application start
2021-03-10 16:40:24 INFO  Controller:75 - Main controller initializing
2021-03-10 16:40:28 INFO  NewEditController:91 - new/edit window initializing
2021-03-10 16:40:41 INFO  TaskInfoController:26 - task info window initializing
2021-03-10 16:41:02 INFO  NewEditController:91 - new/edit window initializing
2021-03-10 16:41:40 INFO  Main:38 - saved data reading
2021-03-10 16:41:40 INFO  Main:43 - application start
2021-03-10 16:41:40 INFO  Controller:75 - Main controller initializing
2021-03-10 16:41:43 INFO  NewEditController:91 - new/edit window initializing
2021-03-10 16:41:46 INFO  NewEditController:91 - new/edit window initializing
2021-03-10 16:41:49 INFO  NewEditController:91 - new/edit window initializing
2021-03-10 16:42:28 INFO  Main:38 - saved data reading
2021-03-10 16:42:28 INFO  Main:43 - application start
2021-03-10 16:42:29 INFO  Controller:75 - Main controller initializing
2021-03-10 16:42:32 INFO  NewEditController:91 - new/edit window initializing
2021-03-10 16:42:58 INFO  Main:38 - saved data reading
2021-03-10 16:42:58 INFO  Main:43 - application start
2021-03-10 16:42:59 INFO  Controller:75 - Main controller initializing
2021-03-10 16:43:03 INFO  NewEditController:91 - new/edit window initializing
2021-03-10 16:47:10 INFO  Main:38 - saved data reading
2021-03-10 16:47:10 INFO  Main:43 - application start
2021-03-10 16:47:11 INFO  Controller:75 - Main controller initializing
2021-03-10 16:47:15 INFO  NewEditController:91 - new/edit window initializing
2021-03-10 17:03:42 INFO  Main:38 - saved data reading
2021-03-10 17:03:42 INFO  Main:43 - application start
2021-03-10 17:03:43 INFO  Controller:75 - Main controller initializing
2021-03-10 17:12:02 INFO  Main:38 - saved data reading
2021-03-10 17:12:02 INFO  Main:43 - application start
2021-03-10 17:12:02 INFO  Controller:75 - Main controller initializing
2021-03-10 17:12:10 INFO  NewEditController:91 - new/edit window initializing
2021-03-10 17:13:08 INFO  NewEditController:91 - new/edit window initializing
2021-03-10 17:14:26 INFO  NewEditController:91 - new/edit window initializing
2021-03-10 17:15:09 INFO  NewEditController:91 - new/edit window initializing
2021-03-10 17:15:18 INFO  NewEditController:91 - new/edit window initializing
2021-03-10 17:15:28 INFO  NewEditController:91 - new/edit window initializing
2021-03-10 17:31:37 INFO  Main:38 - saved data reading
2021-03-10 17:31:37 INFO  Main:43 - application start
2021-03-10 17:31:37 INFO  Controller:75 - Main controller initializing
2021-03-10 17:31:41 INFO  NewEditController:91 - new/edit window initializing
2021-03-10 17:31:52 INFO  NewEditController:91 - new/edit window initializing
2021-03-10 18:01:14 INFO  Main:38 - saved data reading
2021-03-10 18:01:14 INFO  Main:43 - application start
2021-03-10 18:01:15 INFO  Controller:75 - Main controller initializing
2021-03-10 18:09:07 INFO  Main:38 - saved data reading
2021-03-10 18:09:07 INFO  Main:43 - application start
2021-03-10 18:09:08 INFO  Controller:75 - Main controller initializing
2021-03-10 18:09:19 INFO  NewEditController:91 - new/edit window initializing
2021-03-10 18:09:25 INFO  NewEditController:91 - new/edit window initializing
2021-03-10 18:10:23 INFO  Main:38 - saved data reading
2021-03-10 18:10:23 INFO  Main:43 - application start
2021-03-10 18:10:24 INFO  Controller:75 - Main controller initializing
2021-03-10 18:10:28 INFO  NewEditController:91 - new/edit window initializing
2021-03-10 18:10:43 INFO  NewEditController:91 - new/edit window initializing
2021-03-10 18:11:22 INFO  Main:38 - saved data reading
2021-03-10 18:11:22 INFO  Main:43 - application start
2021-03-10 18:11:22 INFO  Controller:75 - Main controller initializing
2021-03-10 18:11:25 INFO  NewEditController:91 - new/edit window initializing
2021-03-10 18:13:10 INFO  Main:38 - saved data reading
2021-03-10 18:13:10 INFO  Main:43 - application start
2021-03-10 18:13:11 INFO  Controller:75 - Main controller initializing
2021-03-10 18:13:13 INFO  NewEditController:91 - new/edit window initializing
2021-03-10 18:13:33 INFO  Main:38 - saved data reading
2021-03-10 18:13:33 INFO  Main:43 - application start
2021-03-10 18:13:34 INFO  Controller:75 - Main controller initializing
2021-03-10 18:13:37 INFO  NewEditController:91 - new/edit window initializing
2021-03-10 18:13:59 INFO  Main:38 - saved data reading
2021-03-10 18:13:59 INFO  Main:43 - application start
2021-03-10 18:14:00 INFO  Controller:75 - Main controller initializing
2021-03-10 18:14:03 INFO  NewEditController:91 - new/edit window initializing
2021-03-10 18:15:36 INFO  Main:38 - saved data reading
2021-03-10 18:15:36 INFO  Main:43 - application start
2021-03-10 18:15:36 INFO  Controller:75 - Main controller initializing
2021-03-10 18:15:39 INFO  NewEditController:91 - new/edit window initializing
2021-03-10 18:15:39 ERROR Controller:105 - Error loading new-edit-task.fxml
2021-03-10 18:15:45 INFO  NewEditController:91 - new/edit window initializing
2021-03-10 18:15:45 ERROR Controller:105 - Error loading new-edit-task.fxml
2021-03-10 18:15:46 INFO  NewEditController:91 - new/edit window initializing
2021-03-10 18:15:46 ERROR Controller:105 - Error loading new-edit-task.fxml
2021-03-10 18:15:47 INFO  NewEditController:91 - new/edit window initializing
2021-03-10 18:15:47 ERROR Controller:105 - Error loading new-edit-task.fxml
2021-03-10 18:15:53 INFO  Main:38 - saved data reading
2021-03-10 18:15:53 INFO  Main:43 - application start
2021-03-10 18:15:54 INFO  Controller:75 - Main controller initializing
2021-03-10 18:15:57 INFO  NewEditController:91 - new/edit window initializing
2021-03-10 18:15:57 ERROR Controller:105 - Error loading new-edit-task.fxml
2021-03-10 18:15:57 INFO  NewEditController:91 - new/edit window initializing
2021-03-10 18:15:57 ERROR Controller:105 - Error loading new-edit-task.fxml
2021-03-10 18:16:11 INFO  Main:38 - saved data reading
2021-03-10 18:16:11 INFO  Main:43 - application start
2021-03-10 18:16:12 INFO  Controller:75 - Main controller initializing
2021-03-10 18:16:14 INFO  NewEditController:91 - new/edit window initializing
2021-03-10 18:16:36 INFO  Main:38 - saved data reading
2021-03-10 18:16:36 INFO  Main:43 - application start
2021-03-10 18:16:37 INFO  Controller:75 - Main controller initializing
2021-03-10 18:16:39 INFO  NewEditController:91 - new/edit window initializing
2021-03-10 18:16:39 ERROR Controller:105 - Error loading new-edit-task.fxml
2021-03-10 18:17:06 INFO  Main:38 - saved data reading
2021-03-10 18:17:06 INFO  Main:43 - application start
2021-03-10 18:17:07 INFO  Controller:75 - Main controller initializing
2021-03-10 18:17:09 INFO  NewEditController:91 - new/edit window initializing
2021-03-10 18:17:09 ERROR Controller:105 - Error loading new-edit-task.fxml
2021-03-10 18:17:17 INFO  NewEditController:91 - new/edit window initializing
2021-03-10 18:17:17 ERROR Controller:105 - Error loading new-edit-task.fxml
2021-03-10 18:17:18 INFO  NewEditController:91 - new/edit window initializing
2021-03-10 18:17:18 ERROR Controller:105 - Error loading new-edit-task.fxml
2021-03-10 18:17:18 INFO  NewEditController:91 - new/edit window initializing
2021-03-10 18:17:18 ERROR Controller:105 - Error loading new-edit-task.fxml
2021-03-10 18:17:19 INFO  NewEditController:91 - new/edit window initializing
2021-03-10 18:17:19 ERROR Controller:105 - Error loading new-edit-task.fxml
2021-03-10 18:18:20 INFO  Main:38 - saved data reading
2021-03-10 18:18:20 INFO  Main:43 - application start
2021-03-10 18:18:21 INFO  Controller:75 - Main controller initializing
2021-03-10 18:18:24 INFO  NewEditController:91 - new/edit window initializing
2021-03-10 18:20:01 INFO  Main:38 - saved data reading
2021-03-10 18:20:01 INFO  Main:43 - application start
2021-03-10 18:20:02 INFO  Controller:75 - Main controller initializing
2021-03-10 18:20:05 INFO  TaskInfoController:26 - task info window initializing
2021-03-10 18:20:05 ERROR Controller:128 - error loading task-info.fxml
2021-03-10 18:20:15 INFO  NewEditController:91 - new/edit window initializing
2021-03-10 18:25:23 INFO  Main:38 - saved data reading
2021-03-10 18:25:23 INFO  Main:43 - application start
2021-03-10 18:25:24 INFO  Controller:75 - Main controller initializing
2021-03-10 18:25:27 INFO  NewEditController:91 - new/edit window initializing
2021-03-10 18:25:32 INFO  NewEditController:91 - new/edit window initializing
2021-03-10 18:31:44 INFO  Main:38 - saved data reading
2021-03-10 18:31:44 INFO  Main:43 - application start
2021-03-10 18:31:45 INFO  Controller:75 - Main controller initializing
2021-03-10 18:31:55 INFO  NewEditController:91 - new/edit window initializing
2021-03-10 18:31:55 ERROR Controller:105 - Error loading new-edit-task.fxml
2021-03-10 18:31:58 INFO  NewEditController:91 - new/edit window initializing
2021-03-10 18:31:58 ERROR Controller:105 - Error loading new-edit-task.fxml
2021-03-10 18:32:23 INFO  Main:38 - saved data reading
2021-03-10 18:32:23 INFO  Main:43 - application start
2021-03-10 18:32:23 INFO  Controller:75 - Main controller initializing
2021-03-10 18:32:27 INFO  NewEditController:91 - new/edit window initializing
2021-03-10 18:35:37 INFO  Main:38 - saved data reading
2021-03-10 18:35:37 INFO  Main:43 - application start
2021-03-10 18:35:37 INFO  Controller:75 - Main controller initializing
2021-03-10 18:35:43 INFO  NewEditController:91 - new/edit window initializing
2021-03-10 18:35:47 INFO  NewEditController:91 - new/edit window initializing
2021-03-10 18:44:32 INFO  Main:38 - saved data reading
2021-03-10 18:44:32 INFO  Main:43 - application start
2021-03-10 18:44:33 INFO  Controller:75 - Main controller initializing
2021-03-10 18:45:13 INFO  Main:38 - saved data reading
2021-03-10 18:45:13 INFO  Main:43 - application start
2021-03-10 18:45:14 INFO  Controller:75 - Main controller initializing
2021-03-10 18:46:54 INFO  Main:38 - saved data reading
2021-03-10 18:46:54 INFO  Main:43 - application start
2021-03-10 18:46:55 INFO  Controller:75 - Main controller initializing
2021-03-10 18:50:07 INFO  Main:38 - saved data reading
2021-03-10 18:50:07 INFO  Main:43 - application start
2021-03-10 18:50:08 INFO  Controller:75 - Main controller initializing
2021-03-10 18:55:05 INFO  Main:38 - saved data reading
2021-03-10 18:55:05 INFO  Main:43 - application start
2021-03-10 18:55:06 INFO  Controller:75 - Main controller initializing
2021-03-10 18:55:14 INFO  NewEditController:91 - new/edit window initializing
2021-03-10 18:55:40 INFO  Main:38 - saved data reading
2021-03-10 18:55:40 INFO  Main:43 - application start
2021-03-10 18:55:41 INFO  Controller:75 - Main controller initializing
2021-03-10 18:55:44 INFO  NewEditController:91 - new/edit window initializing
2021-03-10 18:56:05 INFO  NewEditController:91 - new/edit window initializing
2021-03-10 18:58:03 INFO  Main:38 - saved data reading
2021-03-10 18:58:03 INFO  Main:43 - application start
2021-03-10 18:58:04 INFO  Controller:75 - Main controller initializing
2021-03-10 18:58:10 INFO  NewEditController:91 - new/edit window initializing
2021-03-14 21:47:45 INFO  Main:38 - saved data reading
2021-03-14 21:47:45 INFO  Main:43 - application start
2021-03-14 21:47:46 INFO  Controller:75 - Main controller initializing
2021-03-14 21:48:18 INFO  Main:38 - saved data reading
2021-03-14 21:48:18 ERROR TaskIO:93 - IO exception reading or writing file
2021-03-14 21:48:18 INFO  Main:43 - application start
2021-03-14 21:48:18 INFO  Controller:75 - Main controller initializing
2021-03-15 10:06:11 INFO  Main:38 - saved data reading
2021-03-15 10:06:11 ERROR TaskIO:93 - IO exception reading or writing file
2021-03-15 10:06:11 INFO  Main:43 - application start
2021-03-15 10:06:12 INFO  Controller:75 - Main controller initializing
2021-03-15 10:06:18 INFO  NewEditController:93 - new/edit window initializing
2021-03-15 10:07:32 INFO  NewEditController:93 - new/edit window initializing
2021-03-15 10:07:42 INFO  NewEditController:93 - new/edit window initializing
2021-03-15 10:07:51 INFO  NewEditController:93 - new/edit window initializing
2021-03-15 10:08:16 INFO  Main:38 - saved data reading
2021-03-15 10:08:16 ERROR TaskIO:93 - IO exception reading or writing file
2021-03-15 10:08:16 INFO  Main:43 - application start
2021-03-15 10:08:16 INFO  Controller:75 - Main controller initializing
2021-03-15 10:08:59 INFO  Main:38 - saved data reading
2021-03-15 10:08:59 ERROR TaskIO:93 - IO exception reading or writing file
2021-03-15 10:08:59 INFO  Main:43 - application start
2021-03-15 10:08:59 INFO  Controller:75 - Main controller initializing
2021-03-15 10:09:04 INFO  NewEditController:93 - new/edit window initializing
2021-03-15 10:09:10 INFO  NewEditController:93 - new/edit window initializing
2021-03-15 10:09:26 INFO  TaskInfoController:26 - task info window initializing
2021-03-15 10:10:24 INFO  NewEditController:93 - new/edit window initializing
2021-03-15 10:36:07 INFO  Main:38 - saved data reading
2021-03-15 10:36:07 INFO  Main:43 - application start
2021-03-15 10:36:07 INFO  Controller:75 - Main controller initializing
2021-03-15 10:36:47 INFO  NewEditController:93 - new/edit window initializing
2021-03-15 10:36:58 INFO  NewEditController:93 - new/edit window initializing
2021-03-15 10:37:09 INFO  NewEditController:93 - new/edit window initializing
2021-03-15 10:37:31 INFO  NewEditController:93 - new/edit window initializing
2021-03-15 10:37:43 INFO  NewEditController:93 - new/edit window initializing
2021-03-15 10:38:57 INFO  Main:38 - saved data reading
2021-03-15 10:38:57 INFO  Main:43 - application start
2021-03-15 10:38:57 INFO  Controller:75 - Main controller initializing
2021-03-15 10:39:04 INFO  NewEditController:93 - new/edit window initializing
2021-03-15 10:39:09 INFO  NewEditController:93 - new/edit window initializing
2021-03-15 10:43:22 INFO  Main:38 - saved data reading
2021-03-15 10:43:22 INFO  Main:43 - application start
2021-03-15 10:43:23 INFO  Controller:75 - Main controller initializing
2021-03-15 10:43:38 INFO  Main:38 - saved data reading
2021-03-15 10:43:38 INFO  Main:43 - application start
2021-03-15 10:43:38 INFO  Controller:75 - Main controller initializing
2021-03-15 10:43:41 INFO  NewEditController:93 - new/edit window initializing
2021-03-15 10:43:53 INFO  Main:38 - saved data reading
2021-03-15 10:43:53 INFO  Main:43 - application start
2021-03-15 10:43:54 INFO  Controller:75 - Main controller initializing
2021-03-15 10:43:59 INFO  NewEditController:93 - new/edit window initializing
2021-03-15 10:44:13 INFO  Main:38 - saved data reading
2021-03-15 10:44:13 INFO  Main:43 - application start
2021-03-15 10:44:13 INFO  Controller:75 - Main controller initializing
2021-03-15 10:54:20 INFO  Main:38 - saved data reading
2021-03-15 10:54:20 INFO  Main:43 - application start
2021-03-15 10:54:20 INFO  Controller:75 - Main controller initializing
2021-03-15 10:54:25 INFO  NewEditController:93 - new/edit window initializing
2021-03-15 10:54:38 INFO  Main:38 - saved data reading
2021-03-15 10:54:38 INFO  Main:43 - application start
2021-03-15 10:54:39 INFO  Controller:75 - Main controller initializing
2021-03-15 10:54:48 INFO  NewEditController:93 - new/edit window initializing
2021-03-15 10:54:54 INFO  NewEditController:93 - new/edit window initializing
2021-03-15 10:55:46 INFO  Main:38 - saved data reading
2021-03-15 10:55:46 INFO  Main:43 - application start
2021-03-15 10:55:47 INFO  Controller:75 - Main controller initializing
2021-03-15 10:55:55 INFO  NewEditController:93 - new/edit window initializing
2021-03-15 10:59:54 INFO  Main:38 - saved data reading
2021-03-15 10:59:54 INFO  Main:43 - application start
2021-03-15 10:59:54 INFO  Controller:75 - Main controller initializing
2021-03-15 11:00:12 INFO  NewEditController:93 - new/edit window initializing
2021-03-15 11:00:30 INFO  NewEditController:93 - new/edit window initializing
2021-03-15 11:00:39 INFO  TaskInfoController:26 - task info window initializing
2021-03-15 11:00:48 INFO  Main:38 - saved data reading
2021-03-15 11:00:48 INFO  Main:43 - application start
2021-03-15 11:00:49 INFO  Controller:75 - Main controller initializing
2021-03-15 11:01:30 INFO  Main:38 - saved data reading
2021-03-15 11:01:30 INFO  Main:43 - application start
2021-03-15 11:01:31 INFO  MainController:75 - Main controller initializing
2021-03-15 11:02:50 INFO  Main:38 - saved data reading
2021-03-15 11:02:50 INFO  Main:43 - application start
2021-03-15 11:02:50 INFO  MainController:75 - Main controller initializing
2021-03-15 11:54:30 INFO  Main:38 - saved data reading
2021-03-15 11:54:30 INFO  Main:43 - application start
2021-03-15 11:54:31 INFO  MainController:75 - Main controller initializing
2021-03-15 11:54:41 INFO  NewEditController:93 - new/edit window initializing
2021-03-15 11:54:50 INFO  NewEditController:93 - new/edit window initializing
2021-03-15 11:55:26 INFO  NewEditController:93 - new/edit window initializing
2021-03-15 11:56:01 INFO  NewEditController:93 - new/edit window initializing
2021-03-15 11:56:19 INFO  NewEditController:93 - new/edit window initializing
2021-03-15 11:56:29 INFO  NewEditController:93 - new/edit window initializing
2021-03-15 12:05:57 INFO  Main:38 - saved data reading
2021-03-15 12:05:57 INFO  Main:43 - application start
2021-03-15 12:05:57 INFO  MainController:75 - Main controller initializing
2021-03-15 13:08:25 INFO  Main:38 - saved data reading
2021-03-15 13:08:25 INFO  Main:43 - application start
2021-03-15 13:08:26 INFO  MainController:75 - Main controller initializing
2021-03-15 13:36:59 INFO  Main:38 - saved data reading
2021-03-15 13:36:59 INFO  Main:43 - application start
2021-03-15 13:37:00 INFO  MainController:75 - Main controller initializing
2021-03-24 17:13:27 INFO  Main:38 - saved data reading
2021-03-24 17:13:27 INFO  Main:43 - application start
2021-03-24 17:13:27 INFO  MainController:75 - Main controller initializing
2021-03-27 20:53:38 INFO  Main:38 - saved data reading
2021-03-27 20:53:38 ERROR TaskIO:74 - IO exception reading or writing file
2021-03-27 20:53:38 INFO  Main:43 - application start
2021-03-27 20:53:39 INFO  MainController:75 - Main controller initializing
2021-03-27 20:53:43 INFO  NewEditController:93 - new/edit window initializing
2021-03-27 20:54:25 INFO  NewEditController:93 - new/edit window initializing
2021-03-27 20:54:42 ERROR Task:41 - interval < than 1
